{"C:\\Users\\João Marrocos\\Desktop\\iagenda\\backend\\src\\application\\usecases\\GenerateRoutineUseCase.ts": {"path":"C:\\Users\\João Marrocos\\Desktop\\iagenda\\backend\\src\\application\\usecases\\GenerateRoutineUseCase.ts","statementMap":{"0":{"start":{"line":1,"column":0},"end":{"line":1,"column":111}},"1":{"start":{"line":2,"column":0},"end":{"line":2,"column":96}},"2":{"start":{"line":7,"column":19},"end":{"line":7,"column":44}},"3":{"start":{"line":14,"column":19},"end":{"line":14,"column":45}},"4":{"start":{"line":15,"column":4},"end":{"line":17,"column":5}},"5":{"start":{"line":16,"column":6},"end":{"line":16,"column":86}},"6":{"start":{"line":18,"column":4},"end":{"line":18,"column":71}},"7":{"start":{"line":19,"column":4},"end":{"line":19,"column":61}},"8":{"start":{"line":23,"column":21},"end":{"line":23,"column":182}},"9":{"start":{"line":25,"column":4},"end":{"line":25,"column":60}},"10":{"start":{"line":26,"column":4},"end":{"line":26,"column":108}},"11":{"start":{"line":27,"column":4},"end":{"line":33,"column":5}},"12":{"start":{"line":28,"column":6},"end":{"line":30,"column":9}},"13":{"start":{"line":29,"column":8},"end":{"line":29,"column":96}},"14":{"start":{"line":32,"column":6},"end":{"line":32,"column":60}},"15":{"start":{"line":34,"column":4},"end":{"line":34,"column":23}},"16":{"start":{"line":36,"column":4},"end":{"line":36,"column":65}},"17":{"start":{"line":37,"column":4},"end":{"line":37,"column":174}},"18":{"start":{"line":38,"column":4},"end":{"line":44,"column":5}},"19":{"start":{"line":39,"column":6},"end":{"line":41,"column":9}},"20":{"start":{"line":40,"column":8},"end":{"line":40,"column":97}},"21":{"start":{"line":43,"column":6},"end":{"line":43,"column":64}},"22":{"start":{"line":45,"column":4},"end":{"line":45,"column":23}},"23":{"start":{"line":48,"column":4},"end":{"line":48,"column":50}},"24":{"start":{"line":49,"column":4},"end":{"line":49,"column":125}},"25":{"start":{"line":50,"column":4},"end":{"line":50,"column":153}},"26":{"start":{"line":51,"column":4},"end":{"line":51,"column":125}},"27":{"start":{"line":53,"column":4},"end":{"line":53,"column":22}},"28":{"start":{"line":57,"column":18},"end":{"line":57,"column":28}},"29":{"start":{"line":58,"column":4},"end":{"line":64,"column":5}},"30":{"start":{"line":59,"column":6},"end":{"line":61,"column":9}},"31":{"start":{"line":60,"column":8},"end":{"line":60,"column":73}},"32":{"start":{"line":63,"column":6},"end":{"line":63,"column":31}},"33":{"start":{"line":66,"column":4},"end":{"line":66,"column":30}},"34":{"start":{"line":67,"column":4},"end":{"line":73,"column":5}},"35":{"start":{"line":68,"column":6},"end":{"line":70,"column":9}},"36":{"start":{"line":69,"column":8},"end":{"line":69,"column":58}},"37":{"start":{"line":72,"column":6},"end":{"line":72,"column":31}},"38":{"start":{"line":75,"column":4},"end":{"line":75,"column":19}},"39":{"start":{"line":79,"column":4},"end":{"line":81,"column":5}},"40":{"start":{"line":80,"column":6},"end":{"line":80,"column":97}},"41":{"start":{"line":83,"column":19},"end":{"line":83,"column":86}},"42":{"start":{"line":84,"column":25},"end":{"line":84,"column":90}},"43":{"start":{"line":86,"column":47},"end":{"line":91,"column":6}},"44":{"start":{"line":93,"column":4},"end":{"line":130,"column":5}},"45":{"start":{"line":94,"column":20},"end":{"line":103,"column":8}},"46":{"start":{"line":105,"column":21},"end":{"line":105,"column":56}},"47":{"start":{"line":106,"column":23},"end":{"line":106,"column":38}},"48":{"start":{"line":107,"column":19},"end":{"line":107,"column":34}},"49":{"start":{"line":109,"column":6},"end":{"line":114,"column":9}},"50":{"start":{"line":116,"column":6},"end":{"line":116,"column":18}},"51":{"start":{"line":119,"column":26},"end":{"line":119,"column":88}},"52":{"start":{"line":121,"column":6},"end":{"line":126,"column":9}},"53":{"start":{"line":128,"column":6},"end":{"line":128,"column":62}},"54":{"start":{"line":129,"column":6},"end":{"line":129,"column":79}},"55":{"start":{"line":9,"column":0},"end":{"line":9,"column":13}}},"fnMap":{"0":{"name":"(anonymous_0)","decl":{"start":{"line":13,"column":2},"end":{"line":13,"column":null}},"loc":{"start":{"line":13,"column":2},"end":{"line":20,"column":3}}},"1":{"name":"(anonymous_1)","decl":{"start":{"line":22,"column":10},"end":{"line":22,"column":35}},"loc":{"start":{"line":22,"column":88},"end":{"line":54,"column":3}}},"2":{"name":"(anonymous_2)","decl":{"start":{"line":28,"column":20},"end":{"line":28,"column":28}},"loc":{"start":{"line":28,"column":31},"end":{"line":30,"column":7}}},"3":{"name":"(anonymous_3)","decl":{"start":{"line":39,"column":23},"end":{"line":39,"column":31}},"loc":{"start":{"line":39,"column":34},"end":{"line":41,"column":7}}},"4":{"name":"(anonymous_4)","decl":{"start":{"line":56,"column":10},"end":{"line":56,"column":33}},"loc":{"start":{"line":56,"column":86},"end":{"line":76,"column":3}}},"5":{"name":"(anonymous_5)","decl":{"start":{"line":59,"column":20},"end":{"line":59,"column":23}},"loc":{"start":{"line":59,"column":26},"end":{"line":61,"column":7}}},"6":{"name":"(anonymous_6)","decl":{"start":{"line":68,"column":23},"end":{"line":68,"column":26}},"loc":{"start":{"line":68,"column":29},"end":{"line":70,"column":7}}},"7":{"name":"(anonymous_7)","decl":{"start":{"line":78,"column":2},"end":{"line":78,"column":7}},"loc":{"start":{"line":78,"column":88},"end":{"line":131,"column":3}}}},"branchMap":{"0":{"loc":{"start":{"line":15,"column":4},"end":{"line":17,"column":5}},"type":"if","locations":[{"start":{"line":15,"column":4},"end":{"line":17,"column":5}},{"start":{},"end":{}}]},"1":{"loc":{"start":{"line":18,"column":40},"end":{"line":18,"column":69}},"type":"binary-expr","locations":[{"start":{"line":18,"column":40},"end":{"line":18,"column":46}},{"start":{"line":18,"column":50},"end":{"line":18,"column":69}}]},"2":{"loc":{"start":{"line":27,"column":4},"end":{"line":33,"column":5}},"type":"if","locations":[{"start":{"line":27,"column":4},"end":{"line":33,"column":5}},{"start":{"line":31,"column":11},"end":{"line":33,"column":5}}]},"3":{"loc":{"start":{"line":27,"column":8},"end":{"line":27,"column":33}},"type":"binary-expr","locations":[{"start":{"line":27,"column":8},"end":{"line":27,"column":13}},{"start":{"line":27,"column":17},"end":{"line":27,"column":33}}]},"4":{"loc":{"start":{"line":38,"column":4},"end":{"line":44,"column":5}},"type":"if","locations":[{"start":{"line":38,"column":4},"end":{"line":44,"column":5}},{"start":{"line":42,"column":11},"end":{"line":44,"column":5}}]},"5":{"loc":{"start":{"line":38,"column":8},"end":{"line":38,"column":39}},"type":"binary-expr","locations":[{"start":{"line":38,"column":8},"end":{"line":38,"column":16}},{"start":{"line":38,"column":20},"end":{"line":38,"column":39}}]},"6":{"loc":{"start":{"line":58,"column":4},"end":{"line":64,"column":5}},"type":"if","locations":[{"start":{"line":58,"column":4},"end":{"line":64,"column":5}},{"start":{"line":62,"column":11},"end":{"line":64,"column":5}}]},"7":{"loc":{"start":{"line":58,"column":8},"end":{"line":58,"column":33}},"type":"binary-expr","locations":[{"start":{"line":58,"column":8},"end":{"line":58,"column":13}},{"start":{"line":58,"column":17},"end":{"line":58,"column":33}}]},"8":{"loc":{"start":{"line":67,"column":4},"end":{"line":73,"column":5}},"type":"if","locations":[{"start":{"line":67,"column":4},"end":{"line":73,"column":5}},{"start":{"line":71,"column":11},"end":{"line":73,"column":5}}]},"9":{"loc":{"start":{"line":67,"column":8},"end":{"line":67,"column":39}},"type":"binary-expr","locations":[{"start":{"line":67,"column":8},"end":{"line":67,"column":16}},{"start":{"line":67,"column":20},"end":{"line":67,"column":39}}]},"10":{"loc":{"start":{"line":79,"column":4},"end":{"line":81,"column":5}},"type":"if","locations":[{"start":{"line":79,"column":4},"end":{"line":81,"column":5}},{"start":{},"end":{}}]},"11":{"loc":{"start":{"line":79,"column":8},"end":{"line":79,"column":118}},"type":"binary-expr","locations":[{"start":{"line":79,"column":9},"end":{"line":79,"column":25}},{"start":{"line":79,"column":29},"end":{"line":79,"column":57}},{"start":{"line":79,"column":63},"end":{"line":79,"column":82}},{"start":{"line":79,"column":86},"end":{"line":79,"column":117}}]},"12":{"loc":{"start":{"line":119,"column":26},"end":{"line":119,"column":88}},"type":"cond-expr","locations":[{"start":{"line":119,"column":51},"end":{"line":119,"column":64}},{"start":{"line":119,"column":67},"end":{"line":119,"column":88}}]}},"s":{"0":2,"1":2,"2":2,"3":3,"4":3,"5":3,"6":3,"7":3,"8":2,"9":2,"10":2,"11":2,"12":2,"13":2,"14":0,"15":2,"16":2,"17":2,"18":2,"19":1,"20":1,"21":1,"22":2,"23":2,"24":2,"25":2,"26":2,"27":2,"28":2,"29":2,"30":2,"31":2,"32":0,"33":2,"34":2,"35":1,"36":1,"37":1,"38":2,"39":3,"40":1,"41":2,"42":2,"43":2,"44":2,"45":2,"46":2,"47":1,"48":1,"49":1,"50":1,"51":1,"52":1,"53":1,"54":1,"55":2},"f":{"0":3,"1":2,"2":2,"3":1,"4":2,"5":2,"6":1,"7":3},"b":{"0":[3,0],"1":[3,3],"2":[2,0],"3":[2,2],"4":[1,1],"5":[2,2],"6":[2,0],"7":[2,2],"8":[1,1],"9":[2,2],"10":[1,2],"11":[3,3,1,1],"12":[1,0]}}
,"C:\\Users\\João Marrocos\\Desktop\\iagenda\\backend\\src\\application\\usecases\\ProcessMessageUseCase.ts": {"path":"C:\\Users\\João Marrocos\\Desktop\\iagenda\\backend\\src\\application\\usecases\\ProcessMessageUseCase.ts","statementMap":{"0":{"start":{"line":1,"column":0},"end":{"line":1,"column":93}},"1":{"start":{"line":3,"column":19},"end":{"line":3,"column":44}},"2":{"start":{"line":9,"column":19},"end":{"line":9,"column":45}},"3":{"start":{"line":10,"column":4},"end":{"line":12,"column":5}},"4":{"start":{"line":11,"column":6},"end":{"line":11,"column":107}},"5":{"start":{"line":13,"column":4},"end":{"line":13,"column":85}},"6":{"start":{"line":18,"column":18},"end":{"line":38,"column":6}},"7":{"start":{"line":40,"column":19},"end":{"line":40,"column":59}},"8":{"start":{"line":41,"column":21},"end":{"line":41,"column":36}},"9":{"start":{"line":42,"column":17},"end":{"line":42,"column":32}},"10":{"start":{"line":43,"column":4},"end":{"line":43,"column":16}},"11":{"start":{"line":5,"column":0},"end":{"line":5,"column":13}}},"fnMap":{"0":{"name":"(anonymous_0)","decl":{"start":{"line":8,"column":2},"end":{"line":8,"column":null}},"loc":{"start":{"line":8,"column":2},"end":{"line":14,"column":3}}},"1":{"name":"(anonymous_1)","decl":{"start":{"line":16,"column":2},"end":{"line":16,"column":7}},"loc":{"start":{"line":16,"column":35},"end":{"line":45,"column":3}}}},"branchMap":{"0":{"loc":{"start":{"line":10,"column":4},"end":{"line":12,"column":5}},"type":"if","locations":[{"start":{"line":10,"column":4},"end":{"line":12,"column":5}},{"start":{},"end":{}}]},"1":{"loc":{"start":{"line":13,"column":40},"end":{"line":13,"column":83}},"type":"binary-expr","locations":[{"start":{"line":13,"column":40},"end":{"line":13,"column":46}},{"start":{"line":13,"column":50},"end":{"line":13,"column":83}}]}},"s":{"0":2,"1":2,"2":1,"3":1,"4":1,"5":1,"6":1,"7":1,"8":1,"9":1,"10":1,"11":2},"f":{"0":1,"1":1},"b":{"0":[1,0],"1":[1,1]}}
,"C:\\Users\\João Marrocos\\Desktop\\iagenda\\backend\\src\\infrastructure\\http\\controllers\\TestController.ts": {"path":"C:\\Users\\João Marrocos\\Desktop\\iagenda\\backend\\src\\infrastructure\\http\\controllers\\TestController.ts","statementMap":{"0":{"start":{"line":9,"column":12},"end":{"line":9,"column":56}},"1":{"start":{"line":10,"column":12},"end":{"line":10,"column":58}},"2":{"start":{"line":21,"column":4},"end":{"line":38,"column":5}},"3":{"start":{"line":23,"column":54},"end":{"line":23,"column":62}},"4":{"start":{"line":26,"column":6},"end":{"line":29,"column":7}},"5":{"start":{"line":27,"column":8},"end":{"line":27,"column":139}},"6":{"start":{"line":28,"column":8},"end":{"line":28,"column":15}},"7":{"start":{"line":32,"column":30},"end":{"line":32,"column":120}},"8":{"start":{"line":33,"column":6},"end":{"line":33,"column":46}},"9":{"start":{"line":36,"column":6},"end":{"line":36,"column":66}},"10":{"start":{"line":37,"column":6},"end":{"line":37,"column":73}},"11":{"start":{"line":7,"column":0},"end":{"line":7,"column":13}}},"fnMap":{"0":{"name":"(anonymous_0)","decl":{"start":{"line":8,"column":2},"end":{"line":8,"column":null}},"loc":{"start":{"line":10,"column":58},"end":{"line":11,"column":6}}},"1":{"name":"(anonymous_1)","decl":{"start":{"line":13,"column":2},"end":{"line":13,"column":7}},"loc":{"start":{"line":13,"column":54},"end":{"line":15,"column":3}}},"2":{"name":"(anonymous_2)","decl":{"start":{"line":20,"column":2},"end":{"line":20,"column":7}},"loc":{"start":{"line":20,"column":55},"end":{"line":39,"column":3}}}},"branchMap":{"0":{"loc":{"start":{"line":26,"column":6},"end":{"line":29,"column":7}},"type":"if","locations":[{"start":{"line":26,"column":6},"end":{"line":29,"column":7}},{"start":{},"end":{}}]},"1":{"loc":{"start":{"line":26,"column":10},"end":{"line":26,"column":49}},"type":"binary-expr","locations":[{"start":{"line":26,"column":10},"end":{"line":26,"column":26}},{"start":{"line":26,"column":30},"end":{"line":26,"column":49}}]},"2":{"loc":{"start":{"line":32,"column":72},"end":{"line":32,"column":93}},"type":"binary-expr","locations":[{"start":{"line":32,"column":72},"end":{"line":32,"column":87}},{"start":{"line":32,"column":91},"end":{"line":32,"column":93}}]},"3":{"loc":{"start":{"line":32,"column":95},"end":{"line":32,"column":119}},"type":"binary-expr","locations":[{"start":{"line":32,"column":95},"end":{"line":32,"column":113}},{"start":{"line":32,"column":117},"end":{"line":32,"column":119}}]}},"s":{"0":4,"1":4,"2":3,"3":3,"4":3,"5":1,"6":1,"7":2,"8":1,"9":1,"10":1,"11":1},"f":{"0":4,"1":1,"2":3},"b":{"0":[1,2],"1":[3,1],"2":[2,0],"3":[2,0]}}
,"C:\\Users\\João Marrocos\\Desktop\\iagenda\\backend\\src\\infrastructure\\repositories\\InteractionRepository.ts": {"path":"C:\\Users\\João Marrocos\\Desktop\\iagenda\\backend\\src\\infrastructure\\repositories\\InteractionRepository.ts","statementMap":{"0":{"start":{"line":1,"column":0},"end":{"line":1,"column":46}},"1":{"start":{"line":13,"column":4},"end":{"line":18,"column":5}},"2":{"start":{"line":14,"column":6},"end":{"line":14,"column":50}},"3":{"start":{"line":15,"column":6},"end":{"line":15,"column":69}},"4":{"start":{"line":17,"column":6},"end":{"line":17,"column":74}},"5":{"start":{"line":11,"column":0},"end":{"line":11,"column":13}}},"fnMap":{"0":{"name":"(anonymous_0)","decl":{"start":{"line":12,"column":2},"end":{"line":12,"column":7}},"loc":{"start":{"line":12,"column":34},"end":{"line":19,"column":3}}}},"branchMap":{},"s":{"0":2,"1":0,"2":0,"3":0,"4":0,"5":2},"f":{"0":0},"b":{}}
}
