TN:
SF:src\application\usecases\GenerateRoutineUseCase.ts
FN:13,(anonymous_0)
FN:22,(anonymous_1)
FN:28,(anonymous_2)
FN:39,(anonymous_3)
FN:56,(anonymous_4)
FN:59,(anonymous_5)
FN:68,(anonymous_6)
FN:78,(anonymous_7)
FNF:8
FNH:8
FNDA:3,(anonymous_0)
FNDA:2,(anonymous_1)
FNDA:2,(anonymous_2)
FNDA:1,(anonymous_3)
FNDA:2,(anonymous_4)
FNDA:2,(anonymous_5)
FNDA:1,(anonymous_6)
FNDA:3,(anonymous_7)
DA:1,2
DA:2,2
DA:7,2
DA:9,2
DA:14,3
DA:15,3
DA:16,3
DA:18,3
DA:19,3
DA:23,2
DA:25,2
DA:26,2
DA:27,2
DA:28,2
DA:29,2
DA:32,0
DA:34,2
DA:36,2
DA:37,2
DA:38,2
DA:39,1
DA:40,1
DA:43,1
DA:45,2
DA:48,2
DA:49,2
DA:50,2
DA:51,2
DA:53,2
DA:57,2
DA:58,2
DA:59,2
DA:60,2
DA:63,0
DA:66,2
DA:67,2
DA:68,1
DA:69,1
DA:72,1
DA:75,2
DA:79,3
DA:80,1
DA:83,2
DA:84,2
DA:86,2
DA:93,2
DA:94,2
DA:105,2
DA:106,1
DA:107,1
DA:109,1
DA:116,1
DA:119,1
DA:121,1
DA:128,1
DA:129,1
LF:56
LH:54
BRDA:15,0,0,3
BRDA:15,0,1,0
BRDA:18,1,0,3
BRDA:18,1,1,3
BRDA:27,2,0,2
BRDA:27,2,1,0
BRDA:27,3,0,2
BRDA:27,3,1,2
BRDA:38,4,0,1
BRDA:38,4,1,1
BRDA:38,5,0,2
BRDA:38,5,1,2
BRDA:58,6,0,2
BRDA:58,6,1,0
BRDA:58,7,0,2
BRDA:58,7,1,2
BRDA:67,8,0,1
BRDA:67,8,1,1
BRDA:67,9,0,2
BRDA:67,9,1,2
BRDA:79,10,0,1
BRDA:79,10,1,2
BRDA:79,11,0,3
BRDA:79,11,1,3
BRDA:79,11,2,1
BRDA:79,11,3,1
BRDA:119,12,0,1
BRDA:119,12,1,0
BRF:28
BRH:24
end_of_record
TN:
SF:src\application\usecases\ProcessMessageUseCase.ts
FN:8,(anonymous_0)
FN:16,(anonymous_1)
FNF:2
FNH:2
FNDA:1,(anonymous_0)
FNDA:1,(anonymous_1)
DA:1,2
DA:3,2
DA:5,2
DA:9,1
DA:10,1
DA:11,1
DA:13,1
DA:18,1
DA:40,1
DA:41,1
DA:42,1
DA:43,1
LF:12
LH:12
BRDA:10,0,0,1
BRDA:10,0,1,0
BRDA:13,1,0,1
BRDA:13,1,1,1
BRF:4
BRH:3
end_of_record
TN:
SF:src\infrastructure\http\controllers\TestController.ts
FN:8,(anonymous_0)
FN:13,(anonymous_1)
FN:20,(anonymous_2)
FNF:3
FNH:3
FNDA:4,(anonymous_0)
FNDA:1,(anonymous_1)
FNDA:3,(anonymous_2)
DA:7,1
DA:9,4
DA:10,4
DA:21,3
DA:23,3
DA:26,3
DA:27,1
DA:28,1
DA:32,2
DA:33,1
DA:36,1
DA:37,1
LF:12
LH:12
BRDA:26,0,0,1
BRDA:26,0,1,2
BRDA:26,1,0,3
BRDA:26,1,1,1
BRDA:32,2,0,2
BRDA:32,2,1,0
BRDA:32,3,0,2
BRDA:32,3,1,0
BRF:8
BRH:6
end_of_record
TN:
SF:src\infrastructure\repositories\InteractionRepository.ts
FN:12,(anonymous_0)
FNF:1
FNH:0
FNDA:0,(anonymous_0)
DA:1,2
DA:11,2
DA:13,0
DA:14,0
DA:15,0
DA:17,0
LF:6
LH:2
BRF:0
BRH:0
end_of_record
